<?xml version="1.0" encoding="UTF-8"?>
<!-- Generated by org.testng.reporters.JUnitXMLReporter -->
<testsuite ignored="6" hostname="Waleed" failures="0" tests="2" name="Default test" time="11.588" errors="0" timestamp="2024-11-23T19:09:34 EET">
  <testcase classname="MyTestCasses" name="CheckTheEnglishLanguageIsDefault" time="1.602"/>
  <testcase classname="MyTestCasses" name="RandomlyChangeTheLanguage" time="1.932"/>
  <testcase classname="MyTestCasses" name="CheckReturnDate" time="0.0">
    <ignored/>
  </testcase> <!-- CheckReturnDate -->
  <testcase classname="MyTestCasses" name="CheckHotelTabIsNotSelected" time="0.0">
    <ignored/>
  </testcase> <!-- CheckHotelTabIsNotSelected -->
  <testcase classname="MyTestCasses" name="CheckDefaultTheCurrencyIsSAR" time="0.0">
    <ignored/>
  </testcase> <!-- CheckDefaultTheCurrencyIsSAR -->
  <testcase classname="MyTestCasses" name="CheckQitafLogoIsThereInTheFooter" time="0.0">
    <ignored/>
  </testcase> <!-- CheckQitafLogoIsThereInTheFooter -->
  <testcase classname="MyTestCasses" name="CheckDepartureDate" time="0.0">
    <ignored/>
  </testcase> <!-- CheckDepartureDate -->
  <testcase classname="MyTestCasses" name="ContactNumber" time="0.0">
    <ignored/>
  </testcase> <!-- ContactNumber -->
</testsuite> <!-- Default test -->
