<?xml version="1.0" encoding="UTF-8"?>
<testng-results ignored="6" total="8" passed="2" failed="0" skipped="0">
  <reporter-output>
  </reporter-output>
  <suite started-at="2024-11-23T19:09:23 EET" name="Default suite" finished-at="2024-11-23T19:09:34 EET" duration-ms="11588">
    <groups>
    </groups>
    <test started-at="2024-11-23T19:09:23 EET" name="Default test" finished-at="2024-11-23T19:09:34 EET" duration-ms="11588">
      <class name="MyTestCasses">
        <test-method is-config="true" signature="Setup()[pri:0, instance:MyTestCasses@2807bdeb]" started-at="2024-11-23T19:09:23 EET" name="Setup" finished-at="2024-11-23T19:09:31 EET" duration-ms="7958" status="PASS">
          <reporter-output>
          </reporter-output>
        </test-method> <!-- Setup -->
        <test-method signature="CheckTheEnglishLanguageIsDefault()[pri:1, instance:MyTestCasses@2807bdeb]" started-at="2024-11-23T19:09:31 EET" name="CheckTheEnglishLanguageIsDefault" finished-at="2024-11-23T19:09:32 EET" duration-ms="1602" status="PASS">
          <reporter-output>
          </reporter-output>
        </test-method> <!-- CheckTheEnglishLanguageIsDefault -->
        <test-method signature="RandomlyChangeTheLanguage()[pri:8, instance:MyTestCasses@2807bdeb]" started-at="2024-11-23T19:09:32 EET" name="RandomlyChangeTheLanguage" finished-at="2024-11-23T19:09:34 EET" duration-ms="1932" status="PASS">
          <reporter-output>
          </reporter-output>
        </test-method> <!-- RandomlyChangeTheLanguage -->
      </class> <!-- MyTestCasses -->
    </test> <!-- Default test -->
  </suite> <!-- Default suite -->
</testng-results>
