<?xml version="1.0" encoding="UTF-8"?>
<testng-results ignored="0" total="4" passed="4" failed="0" skipped="0">
  <reporter-output>
  </reporter-output>
  <suite started-at="2024-11-23T16:26:29 EET" name="Default suite" finished-at="2024-11-23T16:26:43 EET" duration-ms="14679">
    <groups>
    </groups>
    <test started-at="2024-11-23T16:26:29 EET" name="Default test" finished-at="2024-11-23T16:26:43 EET" duration-ms="14679">
      <class name="MyTestCasses">
        <test-method is-config="true" signature="Setup()[pri:0, instance:MyTestCasses@1b765a2c]" started-at="2024-11-23T16:26:29 EET" name="Setup" finished-at="2024-11-23T16:26:42 EET" duration-ms="12898" status="PASS">
          <reporter-output>
          </reporter-output>
        </test-method> <!-- Setup -->
        <test-method signature="CheckTheEnglishLanguageIsDefault()[pri:1, instance:MyTestCasses@1b765a2c]" started-at="2024-11-23T16:26:42 EET" name="CheckTheEnglishLanguageIsDefault" finished-at="2024-11-23T16:26:42 EET" duration-ms="81" status="PASS">
          <reporter-output>
          </reporter-output>
        </test-method> <!-- CheckTheEnglishLanguageIsDefault -->
        <test-method signature="CheckDefaultTheCurrencyIsSAR()[pri:2, instance:MyTestCasses@1b765a2c]" started-at="2024-11-23T16:26:42 EET" name="CheckDefaultTheCurrencyIsSAR" finished-at="2024-11-23T16:26:43 EET" duration-ms="1414" status="PASS">
          <reporter-output>
          </reporter-output>
        </test-method> <!-- CheckDefaultTheCurrencyIsSAR -->
        <test-method signature="ContactNumber()[pri:3, instance:MyTestCasses@1b765a2c]" started-at="2024-11-23T16:26:43 EET" name="ContactNumber" finished-at="2024-11-23T16:26:43 EET" duration-ms="96" status="PASS">
          <reporter-output>
          </reporter-output>
        </test-method> <!-- ContactNumber -->
        <test-method signature="CheckQitafLogoIsThereInTheFooter()[pri:4, instance:MyTestCasses@1b765a2c]" started-at="2024-11-23T16:26:43 EET" name="CheckQitafLogoIsThereInTheFooter" finished-at="2024-11-23T16:26:43 EET" duration-ms="100" status="PASS">
          <reporter-output>
          </reporter-output>
        </test-method> <!-- CheckQitafLogoIsThereInTheFooter -->
      </class> <!-- MyTestCasses -->
    </test> <!-- Default test -->
  </suite> <!-- Default suite -->
</testng-results>
